<?xml version="1.0" encoding="UTF-8"?>
<!-- Generated by org.testng.reporters.JUnitXMLReporter -->
<testsuite ignored="0" hostname="DESKTOP-RG3KRF0" failures="2" tests="6" name="2" time="68.402" errors="0" timestamp="21 Feb 2021 15:19:49 GMT">
  <testcase classname="net.element.crm.tests.POC_TC03_None" name="POC_TC03_None" time="0.002"/>
  <testcase classname="net.element.crm.tests.POC_TC03_None" name="POC_TC03_None" time="0.004">
    <failure type="java.lang.AssertionError" message="expected [true] but found [false]">
      <![CDATA[java.lang.AssertionError: expected [true] but found [false]
at net.element.crm.tests.POC_TC03_None.step02(POC_TC03_None.java:16)
... Removed 29 stack frames]]>
    </failure>
  </testcase> <!-- POC_TC03_None -->
  <testcase classname="net.element.crm.tests.POC_TC03_None" name="POC_TC03_None" time="0.001"/>
  <testcase classname="net.element.crm.tests.POC_TC03_None" name="POC_TC03_None" time="0.001">
    <failure type="java.lang.AssertionError" message="expected [true] but found [false]">
      <![CDATA[java.lang.AssertionError: expected [true] but found [false]
at net.element.crm.tests.POC_TC03_None.step04(POC_TC03_None.java:26)
... Removed 29 stack frames]]>
    </failure>
  </testcase> <!-- POC_TC03_None -->
  <testcase classname="net.element.crm.tests.POC_TC03_None" name="POC_TC03_None" time="0.0"/>
  <testcase classname="net.element.crm.tests.POC_TC03_None" name="POC_TC03_None" time="0.001"/>
</testsuite> <!-- 2 -->
