<?xml version="1.0" encoding="UTF-8"?>
<!-- Generated by org.testng.reporters.JUnitXMLReporter -->
<testsuite ignored="0" hostname="DESKTOP-RG3KRF0" failures="2" tests="6" name="Test" time="23.524" errors="0" timestamp="22 Feb 2021 17:31:11 GMT">
  <testcase classname="net.element.crm.tests.POC_TC01_GrabLockIssue" name="step01" time="0.016">
    <failure type="java.lang.AssertionError" message="expected [true] but found [false]">
      <![CDATA[java.lang.AssertionError: expected [true] but found [false]
at net.element.crm.tests.POC_TC01_GrabLockIssue.step01(POC_TC01_GrabLockIssue.java:11)
... Removed 29 stack frames]]>
    </failure>
  </testcase> <!-- step01 -->
  <testcase classname="net.element.crm.tests.POC_TC01_GrabLockIssue" name="step02" time="0.081">
    <failure type="java.lang.AssertionError" message="expected [true] but found [false]">
      <![CDATA[java.lang.AssertionError: expected [true] but found [false]
at net.element.crm.tests.POC_TC01_GrabLockIssue.step02(POC_TC01_GrabLockIssue.java:16)
... Removed 29 stack frames]]>
    </failure>
  </testcase> <!-- step02 -->
  <testcase classname="net.element.crm.tests.POC_TC01_GrabLockIssue" name="step03" time="0.0"/>
  <testcase classname="net.element.crm.tests.POC_TC01_GrabLockIssue" name="step04" time="0.0"/>
  <testcase classname="net.element.crm.tests.POC_TC01_GrabLockIssue" name="step05" time="0.0"/>
  <testcase classname="net.element.crm.tests.POC_TC01_GrabLockIssue" name="step06" time="0.0"/>
</testsuite> <!-- Test -->
