<?xml version="1.0" encoding="UTF-8"?>
<!-- Generated by org.testng.reporters.JUnitXMLReporter -->
<testsuite ignored="0" hostname="DESKTOP-RG3KRF0" failures="2" tests="6" name="we" time="293.997" errors="0" timestamp="22 Feb 2021 17:36:24 GMT">
  <testcase classname="net.element.crm.tests.POC_TC03_None" name="POC_TC03_None" time="0.0"/>
  <testcase classname="net.element.crm.tests.POC_TC03_None" name="POC_TC03_None" time="0.0">
    <failure type="java.lang.AssertionError" message="expected [true] but found [false]">
      <![CDATA[java.lang.AssertionError: expected [true] but found [false]
at net.element.crm.tests.POC_TC03_None.step02(POC_TC03_None.java:16)
... Removed 29 stack frames]]>
    </failure>
  </testcase> <!-- POC_TC03_None -->
  <testcase classname="net.element.crm.tests.POC_TC03_None" name="POC_TC03_None" time="0.0"/>
  <testcase classname="net.element.crm.tests.POC_TC03_None" name="POC_TC03_None" time="0.0">
    <failure type="java.lang.AssertionError" message="expected [true] but found [false]">
      <![CDATA[java.lang.AssertionError: expected [true] but found [false]
at net.element.crm.tests.POC_TC03_None.step04(POC_TC03_None.java:26)
... Removed 29 stack frames]]>
    </failure>
  </testcase> <!-- POC_TC03_None -->
  <testcase classname="net.element.crm.tests.POC_TC03_None" name="POC_TC03_None" time="0.0"/>
  <testcase classname="net.element.crm.tests.POC_TC03_None" name="POC_TC03_None" time="0.0"/>
</testsuite> <!-- we -->
